<?xml version="1.0" encoding="UTF-8"?>
<testng-results skipped="0" failed="0" total="1" passed="1">
  <reporter-output>
  </reporter-output>
  <suite name="Default suite" duration-ms="14996" started-at="2018-07-06T10:35:48Z" finished-at="2018-07-06T10:36:03Z">
    <groups>
    </groups>
    <test name="Default test" duration-ms="14996" started-at="2018-07-06T10:35:48Z" finished-at="2018-07-06T10:36:03Z">
      <class name="myPack.GoogleLaunchAndSearch">
        <test-method status="PASS" signature="googleLaunch()[pri:0, instance:myPack.GoogleLaunchAndSearch@3c756e4d]" name="googleLaunch" duration-ms="14976" started-at="2018-07-06T16:05:48Z" finished-at="2018-07-06T16:06:03Z">
          <reporter-output>
          </reporter-output>
        </test-method> <!-- googleLaunch -->
      </class> <!-- myPack.GoogleLaunchAndSearch -->
    </test> <!-- Default test -->
  </suite> <!-- Default suite -->
</testng-results>
